# JRE version: Java(TM) SE Runtime Environment (9.0+11) (build 9.0.4+11)
# Java VM: Java HotSpot(TM) 64-Bit Server VM (9.0.4+11, mixed mode, tiered, compressed oops, g1 gc, windows-amd64)
Heap:
 garbage-first heap   total 287744K, used 161167K [0x0000000700000000, 0x00000007001008c8, 0x00000007c0000000)
  region size 1024K, 49 young (50176K), 1 survivors (1024K)
 Metaspace       used 85778K, capacity 87693K, committed 94924K, reserved 1132544K
  class space    used 10908K, capacity 11297K, committed 12800K, reserved 1048576K
GC Heap History (10 events):
Event: 10871.047 GC heap before
{Heap before GC invocations=1869 (full 981):
 garbage-first heap   total 287744K, used 157714K [0x0000000700000000, 0x00000007001008c8, 0x00000007c0000000)
  region size 1024K, 60 young (61440K), 1 survivors (1024K)
 Metaspace       used 85623K, capacity 87351K, committed 94924K, reserved 1132544K
  class space    used 10865K, capacity 11252K, committed 12800K, reserved 1048576K
}
Event: 10871.052 GC heap after
{Heap after GC invocations=1870 (full 981):
 garbage-first heap   total 287744K, used 97423K [0x0000000700000000, 0x00000007001008c8, 0x00000007c0000000)
  region size 1024K, 1 young (1024K), 1 survivors (1024K)
 Metaspace       used 85623K, capacity 87351K, committed 94924K, reserved 1132544K
  class space    used 10865K, capacity 11252K, committed 12800K, reserved 1048576K
}
Event: 10876.045 GC heap before
{Heap before GC invocations=1870 (full 981):
 garbage-first heap   total 287744K, used 161935K [0x0000000700000000, 0x00000007001008c8, 0x00000007c0000000)
  region size 1024K, 60 young (61440K), 1 survivors (1024K)
 Metaspace       used 85623K, capacity 87351K, committed 94924K, reserved 1132544K
  class space    used 10865K, capacity 11252K, committed 12800K, reserved 1048576K
}
Event: 10876.049 GC heap after
{Heap after GC invocations=1871 (full 981):
 garbage-first heap   total 287744K, used 101620K [0x0000000700000000, 0x00000007001008c8, 0x00000007c0000000)
  region size 1024K, 1 young (1024K), 1 survivors (1024K)
 Metaspace       used 85623K, capacity 87351K, committed 94924K, reserved 1132544K
  class space    used 10865K, capacity 11252K, committed 12800K, reserved 1048576K
}
Event: 10877.804 GC heap before
{Heap before GC invocations=1871 (full 981):
 garbage-first heap   total 287744K, used 162036K [0x0000000700000000, 0x00000007001008c8, 0x00000007c0000000)
  region size 1024K, 60 young (61440K), 1 survivors (1024K)
 Metaspace       used 85623K, capacity 87351K, committed 94924K, reserved 1132544K
  class space    used 10865K, capacity 11252K, committed 12800K, reserved 1048576K
}
Event: 10877.806 GC heap after
{Heap after GC invocations=1872 (full 981):
 garbage-first heap   total 287744K, used 101618K [0x0000000700000000, 0x00000007001008c8, 0x00000007c0000000)
  region size 1024K, 1 young (1024K), 1 survivors (1024K)
 Metaspace       used 85623K, capacity 87351K, committed 94924K, reserved 1132544K
  class space    used 10865K, capacity 11252K, committed 12800K, reserved 1048576K
}
Event: 10883.784 GC heap before
{Heap before GC invocations=1872 (full 981):
 garbage-first heap   total 287744K, used 162034K [0x0000000700000000, 0x00000007001008c8, 0x00000007c0000000)
  region size 1024K, 60 young (61440K), 1 survivors (1024K)
 Metaspace       used 85623K, capacity 87351K, committed 94924K, reserved 1132544K
  class space    used 10865K, capacity 11252K, committed 12800K, reserved 1048576K
}
Event: 10883.790 GC heap after
{Heap after GC invocations=1873 (full 981):
 garbage-first heap   total 287744K, used 101705K [0x0000000700000000, 0x00000007001008c8, 0x00000007c0000000)
  region size 1024K, 1 young (1024K), 1 survivors (1024K)
 Metaspace       used 85623K, capacity 87351K, committed 94924K, reserved 1132544K
  class space    used 10865K, capacity 11252K, committed 12800K, reserved 1048576K
}
Event: 10885.668 GC heap before
{Heap before GC invocations=1873 (full 981):
 garbage-first heap   total 287744K, used 131401K [0x0000000700000000, 0x00000007001008c8, 0x00000007c0000000)
  region size 1024K, 20 young (20480K), 1 survivors (1024K)
 Metaspace       used 85624K, capacity 87351K, committed 94924K, reserved 1132544K
  class space    used 10865K, capacity 11252K, committed 12800K, reserved 1048576K
}
Event: 10885.671 GC heap after
{Heap after GC invocations=1874 (full 981):
 garbage-first heap   total 287744K, used 113039K [0x0000000700000000, 0x00000007001008c8, 0x00000007c0000000)
  region size 1024K, 1 young (1024K), 1 survivors (1024K)
 Metaspace       used 85624K, capacity 87351K, committed 94924K, reserved 1132544K
  class space    used 10865K, capacity 11252K, committed 12800K, reserved 1048576K
}

